2020-02-04 16:53:02 startup archives unpack
2020-02-04 16:53:05 install p7zip:amd64 <none> 16.02+dfsg-6
2020-02-04 16:53:05 status half-installed p7zip:amd64 16.02+dfsg-6
2020-02-04 16:53:05 status triggers-pending man-db:amd64 2.8.3-2ubuntu0.1
2020-02-04 16:53:06 status unpacked p7zip:amd64 16.02+dfsg-6
2020-02-04 16:53:06 status unpacked p7zip:amd64 16.02+dfsg-6
2020-02-04 16:53:06 install p7zip-full:amd64 <none> 16.02+dfsg-6
2020-02-04 16:53:06 status half-installed p7zip-full:amd64 16.02+dfsg-6
2020-02-04 16:53:07 status unpacked p7zip-full:amd64 16.02+dfsg-6
2020-02-04 16:53:07 status unpacked p7zip-full:amd64 16.02+dfsg-6
2020-02-04 16:53:08 startup packages configure
2020-02-04 16:53:08 configure p7zip:amd64 16.02+dfsg-6 <none>
2020-02-04 16:53:08 status unpacked p7zip:amd64 16.02+dfsg-6
2020-02-04 16:53:08 status half-configured p7zip:amd64 16.02+dfsg-6
2020-02-04 16:53:08 status installed p7zip:amd64 16.02+dfsg-6
2020-02-04 16:53:08 configure p7zip-full:amd64 16.02+dfsg-6 <none>
2020-02-04 16:53:08 status unpacked p7zip-full:amd64 16.02+dfsg-6
2020-02-04 16:53:08 status half-configured p7zip-full:amd64 16.02+dfsg-6
2020-02-04 16:53:08 status installed p7zip-full:amd64 16.02+dfsg-6
2020-02-04 16:53:08 trigproc man-db:amd64 2.8.3-2ubuntu0.1 <none>
2020-02-04 16:53:08 status half-configured man-db:amd64 2.8.3-2ubuntu0.1
2020-02-04 16:53:11 status installed man-db:amd64 2.8.3-2ubuntu0.1
2020-02-04 16:56:32 startup archives unpack
2020-02-04 16:56:32 install libsigc++-2.0-0v5:amd64 <none> 2.10.0-2
2020-02-04 16:56:32 status triggers-pending libc-bin:amd64 2.27-3ubuntu1
2020-02-04 16:56:32 status half-installed libsigc++-2.0-0v5:amd64 2.10.0-2
2020-02-04 16:56:32 status unpacked libsigc++-2.0-0v5:amd64 2.10.0-2
2020-02-04 16:56:33 status unpacked libsigc++-2.0-0v5:amd64 2.10.0-2
2020-02-04 16:56:33 install libglibmm-2.4-1v5:amd64 <none> 2.56.0-1
2020-02-04 16:56:33 status half-installed libglibmm-2.4-1v5:amd64 2.56.0-1
2020-02-04 16:56:33 status unpacked libglibmm-2.4-1v5:amd64 2.56.0-1
2020-02-04 16:56:33 status unpacked libglibmm-2.4-1v5:amd64 2.56.0-1
2020-02-04 16:56:34 install libatkmm-1.6-1v5:amd64 <none> 2.24.2-3
2020-02-04 16:56:34 status half-installed libatkmm-1.6-1v5:amd64 2.24.2-3
2020-02-04 16:56:34 status unpacked libatkmm-1.6-1v5:amd64 2.24.2-3
2020-02-04 16:56:34 status unpacked libatkmm-1.6-1v5:amd64 2.24.2-3
2020-02-04 16:56:35 install libcairomm-1.0-1v5:amd64 <none> 1.12.2-3
2020-02-04 16:56:35 status half-installed libcairomm-1.0-1v5:amd64 1.12.2-3
2020-02-04 16:56:35 status unpacked libcairomm-1.0-1v5:amd64 1.12.2-3
2020-02-04 16:56:36 status unpacked libcairomm-1.0-1v5:amd64 1.12.2-3
2020-02-04 16:56:36 install libpangomm-1.4-1v5:amd64 <none> 2.40.1-4
2020-02-04 16:56:36 status half-installed libpangomm-1.4-1v5:amd64 2.40.1-4
2020-02-04 16:56:37 status unpacked libpangomm-1.4-1v5:amd64 2.40.1-4
2020-02-04 16:56:37 status unpacked libpangomm-1.4-1v5:amd64 2.40.1-4
2020-02-04 16:56:38 install libgtkmm-3.0-1v5:amd64 <none> 3.22.2-2
2020-02-04 16:56:38 status half-installed libgtkmm-3.0-1v5:amd64 3.22.2-2
2020-02-04 16:56:38 status unpacked libgtkmm-3.0-1v5:amd64 3.22.2-2
2020-02-04 16:56:38 status unpacked libgtkmm-3.0-1v5:amd64 3.22.2-2
2020-02-04 16:56:39 install pavucontrol:amd64 <none> 3.0-4
2020-02-04 16:56:39 status half-installed pavucontrol:amd64 3.0-4
2020-02-04 16:56:39 status triggers-pending gnome-menus:amd64 3.13.3-11ubuntu1.1
2020-02-04 16:56:39 status triggers-pending desktop-file-utils:amd64 0.23-1ubuntu3.18.04.2
2020-02-04 16:56:40 status triggers-pending mime-support:all 3.60ubuntu1
2020-02-04 16:56:40 status triggers-pending man-db:amd64 2.8.3-2ubuntu0.1
2020-02-04 16:56:41 status unpacked pavucontrol:amd64 3.0-4
2020-02-04 16:56:41 status unpacked pavucontrol:amd64 3.0-4
2020-02-04 16:56:41 startup packages configure
2020-02-04 16:56:41 configure libsigc++-2.0-0v5:amd64 2.10.0-2 <none>
2020-02-04 16:56:41 status unpacked libsigc++-2.0-0v5:amd64 2.10.0-2
2020-02-04 16:56:42 status half-configured libsigc++-2.0-0v5:amd64 2.10.0-2
2020-02-04 16:56:42 status installed libsigc++-2.0-0v5:amd64 2.10.0-2
2020-02-04 16:56:42 configure libcairomm-1.0-1v5:amd64 1.12.2-3 <none>
2020-02-04 16:56:42 status unpacked libcairomm-1.0-1v5:amd64 1.12.2-3
2020-02-04 16:56:42 status half-configured libcairomm-1.0-1v5:amd64 1.12.2-3
2020-02-04 16:56:42 status installed libcairomm-1.0-1v5:amd64 1.12.2-3
2020-02-04 16:56:43 configure libglibmm-2.4-1v5:amd64 2.56.0-1 <none>
2020-02-04 16:56:43 status unpacked libglibmm-2.4-1v5:amd64 2.56.0-1
2020-02-04 16:56:43 status half-configured libglibmm-2.4-1v5:amd64 2.56.0-1
2020-02-04 16:56:43 status installed libglibmm-2.4-1v5:amd64 2.56.0-1
2020-02-04 16:56:43 configure libatkmm-1.6-1v5:amd64 2.24.2-3 <none>
2020-02-04 16:56:43 status unpacked libatkmm-1.6-1v5:amd64 2.24.2-3
2020-02-04 16:56:43 status half-configured libatkmm-1.6-1v5:amd64 2.24.2-3
2020-02-04 16:56:43 status installed libatkmm-1.6-1v5:amd64 2.24.2-3
2020-02-04 16:56:43 configure libpangomm-1.4-1v5:amd64 2.40.1-4 <none>
2020-02-04 16:56:43 status unpacked libpangomm-1.4-1v5:amd64 2.40.1-4
2020-02-04 16:56:44 status half-configured libpangomm-1.4-1v5:amd64 2.40.1-4
2020-02-04 16:56:44 status installed libpangomm-1.4-1v5:amd64 2.40.1-4
2020-02-04 16:56:44 configure libgtkmm-3.0-1v5:amd64 3.22.2-2 <none>
2020-02-04 16:56:44 status unpacked libgtkmm-3.0-1v5:amd64 3.22.2-2
2020-02-04 16:56:44 status half-configured libgtkmm-3.0-1v5:amd64 3.22.2-2
2020-02-04 16:56:45 status installed libgtkmm-3.0-1v5:amd64 3.22.2-2
2020-02-04 16:56:45 configure pavucontrol:amd64 3.0-4 <none>
2020-02-04 16:56:45 status unpacked pavucontrol:amd64 3.0-4
2020-02-04 16:56:45 status half-configured pavucontrol:amd64 3.0-4
2020-02-04 16:56:45 status installed pavucontrol:amd64 3.0-4
2020-02-04 16:56:45 trigproc desktop-file-utils:amd64 0.23-1ubuntu3.18.04.2 <none>
2020-02-04 16:56:45 status half-configured desktop-file-utils:amd64 0.23-1ubuntu3.18.04.2
2020-02-04 16:56:46 status installed desktop-file-utils:amd64 0.23-1ubuntu3.18.04.2
2020-02-04 16:56:46 trigproc libc-bin:amd64 2.27-3ubuntu1 <none>
2020-02-04 16:56:46 status half-configured libc-bin:amd64 2.27-3ubuntu1
2020-02-04 16:56:59 status installed libc-bin:amd64 2.27-3ubuntu1
2020-02-04 16:56:59 trigproc man-db:amd64 2.8.3-2ubuntu0.1 <none>
2020-02-04 16:56:59 status half-configured man-db:amd64 2.8.3-2ubuntu0.1
2020-02-04 16:57:00 status installed man-db:amd64 2.8.3-2ubuntu0.1
2020-02-04 16:57:00 trigproc gnome-menus:amd64 3.13.3-11ubuntu1.1 <none>
2020-02-04 16:57:00 status half-configured gnome-menus:amd64 3.13.3-11ubuntu1.1
2020-02-04 16:57:00 status installed gnome-menus:amd64 3.13.3-11ubuntu1.1
2020-02-04 16:57:01 trigproc mime-support:all 3.60ubuntu1 <none>
2020-02-04 16:57:01 status half-configured mime-support:all 3.60ubuntu1
2020-02-04 16:57:01 status installed mime-support:all 3.60ubuntu1
2020-02-04 16:57:33 startup packages remove
2020-02-04 16:57:33 status installed pinguybuilder:all 5.1-8
2020-02-04 16:57:33 remove pinguybuilder:all 5.1-8 <none>
2020-02-04 16:57:33 status half-configured pinguybuilder:all 5.1-8
2020-02-04 16:57:33 status half-installed pinguybuilder:all 5.1-8
2020-02-04 16:57:33 status triggers-pending man-db:amd64 2.8.3-2ubuntu0.1
2020-02-04 16:57:33 status triggers-pending hicolor-icon-theme:all 0.17-2
2020-02-04 16:57:34 status triggers-pending gnome-menus:amd64 3.13.3-11ubuntu1.1
2020-02-04 16:57:34 status triggers-pending desktop-file-utils:amd64 0.23-1ubuntu3.18.04.2
2020-02-04 16:57:34 status triggers-pending mime-support:all 3.60ubuntu1
2020-02-04 16:57:35 status config-files pinguybuilder:all 5.1-8
2020-02-04 16:57:35 status config-files pinguybuilder:all 5.1-8
2020-02-04 16:57:35 startup packages configure
2020-02-04 16:57:35 trigproc desktop-file-utils:amd64 0.23-1ubuntu3.18.04.2 <none>
2020-02-04 16:57:35 status half-configured desktop-file-utils:amd64 0.23-1ubuntu3.18.04.2
2020-02-04 16:57:35 status installed desktop-file-utils:amd64 0.23-1ubuntu3.18.04.2
2020-02-04 16:57:35 trigproc man-db:amd64 2.8.3-2ubuntu0.1 <none>
2020-02-04 16:57:35 status half-configured man-db:amd64 2.8.3-2ubuntu0.1
2020-02-04 16:57:37 status installed man-db:amd64 2.8.3-2ubuntu0.1
2020-02-04 16:57:37 trigproc gnome-menus:amd64 3.13.3-11ubuntu1.1 <none>
2020-02-04 16:57:37 status half-configured gnome-menus:amd64 3.13.3-11ubuntu1.1
2020-02-04 16:57:37 status installed gnome-menus:amd64 3.13.3-11ubuntu1.1
2020-02-04 16:57:37 trigproc hicolor-icon-theme:all 0.17-2 <none>
2020-02-04 16:57:37 status half-configured hicolor-icon-theme:all 0.17-2
2020-02-04 16:57:38 status installed hicolor-icon-theme:all 0.17-2
2020-02-04 16:57:38 trigproc mime-support:all 3.60ubuntu1 <none>
2020-02-04 16:57:38 status half-configured mime-support:all 3.60ubuntu1
2020-02-04 16:57:38 status installed mime-support:all 3.60ubuntu1
2020-02-04 16:57:38 startup packages purge
2020-02-04 16:57:38 purge pinguybuilder:all 5.1-8 <none>
2020-02-04 16:57:38 status config-files pinguybuilder:all 5.1-8
2020-02-04 16:57:38 status config-files pinguybuilder:all 5.1-8
2020-02-04 16:57:39 status config-files pinguybuilder:all 5.1-8
2020-02-04 16:57:39 status config-files pinguybuilder:all 5.1-8
2020-02-04 16:57:39 status config-files pinguybuilder:all 5.1-8
2020-02-04 16:57:39 status not-installed pinguybuilder:all <none>
2020-02-04 16:57:40 startup packages configure
2020-02-05 13:46:47 startup archives unpack
2020-02-05 13:46:50 upgrade sudo:amd64 1.8.21p2-3ubuntu1.1 1.8.21p2-3ubuntu1.2
2020-02-05 13:46:50 status half-configured sudo:amd64 1.8.21p2-3ubuntu1.1
2020-02-05 13:46:50 status unpacked sudo:amd64 1.8.21p2-3ubuntu1.1
2020-02-05 13:46:50 status half-installed sudo:amd64 1.8.21p2-3ubuntu1.1
2020-02-05 13:46:51 status triggers-pending man-db:amd64 2.8.3-2ubuntu0.1
2020-02-05 13:46:52 status half-installed sudo:amd64 1.8.21p2-3ubuntu1.1
2020-02-05 13:46:52 status unpacked sudo:amd64 1.8.21p2-3ubuntu1.2
2020-02-05 13:46:53 status unpacked sudo:amd64 1.8.21p2-3ubuntu1.2
2020-02-05 13:46:53 upgrade tcpdump:amd64 4.9.2-3 4.9.3-0ubuntu0.18.04.1
2020-02-05 13:46:53 status half-configured tcpdump:amd64 4.9.2-3
2020-02-05 13:46:54 status unpacked tcpdump:amd64 4.9.2-3
2020-02-05 13:46:54 status half-installed tcpdump:amd64 4.9.2-3
2020-02-05 13:46:54 status half-installed tcpdump:amd64 4.9.2-3
2020-02-05 13:46:54 status unpacked tcpdump:amd64 4.9.3-0ubuntu0.18.04.1
2020-02-05 13:46:55 status unpacked tcpdump:amd64 4.9.3-0ubuntu0.18.04.1
2020-02-05 13:46:56 upgrade libwebkit2gtk-4.0-37:amd64 2.26.2-0ubuntu0.18.04.1 2.26.3-0ubuntu0.18.04.1
2020-02-05 13:46:56 status triggers-pending libc-bin:amd64 2.27-3ubuntu1
2020-02-05 13:46:56 status half-configured libwebkit2gtk-4.0-37:amd64 2.26.2-0ubuntu0.18.04.1
2020-02-05 13:46:56 status unpacked libwebkit2gtk-4.0-37:amd64 2.26.2-0ubuntu0.18.04.1
2020-02-05 13:46:56 status half-installed libwebkit2gtk-4.0-37:amd64 2.26.2-0ubuntu0.18.04.1
2020-02-05 13:47:01 status half-installed libwebkit2gtk-4.0-37:amd64 2.26.2-0ubuntu0.18.04.1
2020-02-05 13:47:01 status unpacked libwebkit2gtk-4.0-37:amd64 2.26.3-0ubuntu0.18.04.1
2020-02-05 13:47:01 status unpacked libwebkit2gtk-4.0-37:amd64 2.26.3-0ubuntu0.18.04.1
2020-02-05 13:47:01 upgrade libjavascriptcoregtk-4.0-18:amd64 2.26.2-0ubuntu0.18.04.1 2.26.3-0ubuntu0.18.04.1
2020-02-05 13:47:01 status half-configured libjavascriptcoregtk-4.0-18:amd64 2.26.2-0ubuntu0.18.04.1
2020-02-05 13:47:01 status unpacked libjavascriptcoregtk-4.0-18:amd64 2.26.2-0ubuntu0.18.04.1
2020-02-05 13:47:01 status half-installed libjavascriptcoregtk-4.0-18:amd64 2.26.2-0ubuntu0.18.04.1
2020-02-05 13:47:03 status half-installed libjavascriptcoregtk-4.0-18:amd64 2.26.2-0ubuntu0.18.04.1
2020-02-05 13:47:03 status unpacked libjavascriptcoregtk-4.0-18:amd64 2.26.3-0ubuntu0.18.04.1
2020-02-05 13:47:03 status unpacked libjavascriptcoregtk-4.0-18:amd64 2.26.3-0ubuntu0.18.04.1
2020-02-05 13:47:04 upgrade gir1.2-webkit2-4.0:amd64 2.26.2-0ubuntu0.18.04.1 2.26.3-0ubuntu0.18.04.1
2020-02-05 13:47:04 status half-configured gir1.2-webkit2-4.0:amd64 2.26.2-0ubuntu0.18.04.1
2020-02-05 13:47:04 status unpacked gir1.2-webkit2-4.0:amd64 2.26.2-0ubuntu0.18.04.1
2020-02-05 13:47:04 status half-installed gir1.2-webkit2-4.0:amd64 2.26.2-0ubuntu0.18.04.1
2020-02-05 13:47:04 status half-installed gir1.2-webkit2-4.0:amd64 2.26.2-0ubuntu0.18.04.1
2020-02-05 13:47:05 status unpacked gir1.2-webkit2-4.0:amd64 2.26.3-0ubuntu0.18.04.1
2020-02-05 13:47:05 status unpacked gir1.2-webkit2-4.0:amd64 2.26.3-0ubuntu0.18.04.1
2020-02-05 13:47:05 upgrade gir1.2-javascriptcoregtk-4.0:amd64 2.26.2-0ubuntu0.18.04.1 2.26.3-0ubuntu0.18.04.1
2020-02-05 13:47:05 status half-configured gir1.2-javascriptcoregtk-4.0:amd64 2.26.2-0ubuntu0.18.04.1
2020-02-05 13:47:05 status unpacked gir1.2-javascriptcoregtk-4.0:amd64 2.26.2-0ubuntu0.18.04.1
2020-02-05 13:47:06 status half-installed gir1.2-javascriptcoregtk-4.0:amd64 2.26.2-0ubuntu0.18.04.1
2020-02-05 13:47:06 status half-installed gir1.2-javascriptcoregtk-4.0:amd64 2.26.2-0ubuntu0.18.04.1
2020-02-05 13:47:07 status unpacked gir1.2-javascriptcoregtk-4.0:amd64 2.26.3-0ubuntu0.18.04.1
2020-02-05 13:47:07 status unpacked gir1.2-javascriptcoregtk-4.0:amd64 2.26.3-0ubuntu0.18.04.1
2020-02-05 13:47:07 upgrade libsasl2-modules-db:amd64 2.1.27~101-g0780600+dfsg-3ubuntu2 2.1.27~101-g0780600+dfsg-3ubuntu2.1
2020-02-05 13:47:07 status half-configured libsasl2-modules-db:amd64 2.1.27~101-g0780600+dfsg-3ubuntu2
2020-02-05 13:47:07 status unpacked libsasl2-modules-db:amd64 2.1.27~101-g0780600+dfsg-3ubuntu2
2020-02-05 13:47:08 status half-installed libsasl2-modules-db:amd64 2.1.27~101-g0780600+dfsg-3ubuntu2
2020-02-05 13:47:08 status half-installed libsasl2-modules-db:amd64 2.1.27~101-g0780600+dfsg-3ubuntu2
2020-02-05 13:47:08 status unpacked libsasl2-modules-db:amd64 2.1.27~101-g0780600+dfsg-3ubuntu2.1
2020-02-05 13:47:08 status unpacked libsasl2-modules-db:amd64 2.1.27~101-g0780600+dfsg-3ubuntu2.1
2020-02-05 13:47:09 upgrade libsasl2-2:amd64 2.1.27~101-g0780600+dfsg-3ubuntu2 2.1.27~101-g0780600+dfsg-3ubuntu2.1
2020-02-05 13:47:09 status half-configured libsasl2-2:amd64 2.1.27~101-g0780600+dfsg-3ubuntu2
2020-02-05 13:47:09 status unpacked libsasl2-2:amd64 2.1.27~101-g0780600+dfsg-3ubuntu2
2020-02-05 13:47:09 status half-installed libsasl2-2:amd64 2.1.27~101-g0780600+dfsg-3ubuntu2
2020-02-05 13:47:10 status half-installed libsasl2-2:amd64 2.1.27~101-g0780600+dfsg-3ubuntu2
2020-02-05 13:47:10 status unpacked libsasl2-2:amd64 2.1.27~101-g0780600+dfsg-3ubuntu2.1
2020-02-05 13:47:10 status unpacked libsasl2-2:amd64 2.1.27~101-g0780600+dfsg-3ubuntu2.1
2020-02-05 13:47:11 upgrade libsasl2-modules:amd64 2.1.27~101-g0780600+dfsg-3ubuntu2 2.1.27~101-g0780600+dfsg-3ubuntu2.1
2020-02-05 13:47:11 status half-configured libsasl2-modules:amd64 2.1.27~101-g0780600+dfsg-3ubuntu2
2020-02-05 13:47:11 status unpacked libsasl2-modules:amd64 2.1.27~101-g0780600+dfsg-3ubuntu2
2020-02-05 13:47:11 status half-installed libsasl2-modules:amd64 2.1.27~101-g0780600+dfsg-3ubuntu2
2020-02-05 13:47:12 status half-installed libsasl2-modules:amd64 2.1.27~101-g0780600+dfsg-3ubuntu2
2020-02-05 13:47:12 status unpacked libsasl2-modules:amd64 2.1.27~101-g0780600+dfsg-3ubuntu2.1
2020-02-05 13:47:12 status unpacked libsasl2-modules:amd64 2.1.27~101-g0780600+dfsg-3ubuntu2.1
2020-02-05 13:47:13 install linux-modules-5.3.0-28-generic:amd64 <none> 5.3.0-28.30~18.04.1
2020-02-05 13:47:13 status half-installed linux-modules-5.3.0-28-generic:amd64 5.3.0-28.30~18.04.1
2020-02-05 13:47:23 status unpacked linux-modules-5.3.0-28-generic:amd64 5.3.0-28.30~18.04.1
2020-02-05 13:47:23 status unpacked linux-modules-5.3.0-28-generic:amd64 5.3.0-28.30~18.04.1
2020-02-05 13:47:24 install linux-image-5.3.0-28-generic:amd64 <none> 5.3.0-28.30~18.04.1
2020-02-05 13:47:24 status half-installed linux-image-5.3.0-28-generic:amd64 5.3.0-28.30~18.04.1
2020-02-05 13:47:25 status unpacked linux-image-5.3.0-28-generic:amd64 5.3.0-28.30~18.04.1
2020-02-05 13:47:25 status unpacked linux-image-5.3.0-28-generic:amd64 5.3.0-28.30~18.04.1
2020-02-05 13:47:26 install linux-modules-extra-5.3.0-28-generic:amd64 <none> 5.3.0-28.30~18.04.1
2020-02-05 13:47:26 status half-installed linux-modules-extra-5.3.0-28-generic:amd64 5.3.0-28.30~18.04.1
2020-02-05 13:47:42 status unpacked linux-modules-extra-5.3.0-28-generic:amd64 5.3.0-28.30~18.04.1
2020-02-05 13:47:42 status unpacked linux-modules-extra-5.3.0-28-generic:amd64 5.3.0-28.30~18.04.1
2020-02-05 13:47:42 upgrade linux-generic-hwe-18.04:amd64 5.3.0.26.95 5.3.0.28.96
2020-02-05 13:47:42 status half-configured linux-generic-hwe-18.04:amd64 5.3.0.26.95
2020-02-05 13:47:42 status unpacked linux-generic-hwe-18.04:amd64 5.3.0.26.95
2020-02-05 13:47:43 status half-installed linux-generic-hwe-18.04:amd64 5.3.0.26.95
2020-02-05 13:47:43 status half-installed linux-generic-hwe-18.04:amd64 5.3.0.26.95
2020-02-05 13:47:43 status unpacked linux-generic-hwe-18.04:amd64 5.3.0.28.96
2020-02-05 13:47:44 status unpacked linux-generic-hwe-18.04:amd64 5.3.0.28.96
2020-02-05 13:47:44 upgrade linux-image-generic-hwe-18.04:amd64 5.3.0.26.95 5.3.0.28.96
2020-02-05 13:47:44 status half-configured linux-image-generic-hwe-18.04:amd64 5.3.0.26.95
2020-02-05 13:47:44 status unpacked linux-image-generic-hwe-18.04:amd64 5.3.0.26.95
2020-02-05 13:47:44 status half-installed linux-image-generic-hwe-18.04:amd64 5.3.0.26.95
2020-02-05 13:47:44 status half-installed linux-image-generic-hwe-18.04:amd64 5.3.0.26.95
2020-02-05 13:47:45 status unpacked linux-image-generic-hwe-18.04:amd64 5.3.0.28.96
2020-02-05 13:47:45 status unpacked linux-image-generic-hwe-18.04:amd64 5.3.0.28.96
2020-02-05 13:47:46 install linux-headers-5.3.0-28:all <none> 5.3.0-28.30~18.04.1
2020-02-05 13:47:46 status half-installed linux-headers-5.3.0-28:all 5.3.0-28.30~18.04.1
2020-02-05 13:48:09 status unpacked linux-headers-5.3.0-28:all 5.3.0-28.30~18.04.1
2020-02-05 13:48:09 status unpacked linux-headers-5.3.0-28:all 5.3.0-28.30~18.04.1
2020-02-05 13:48:09 install linux-headers-5.3.0-28-generic:amd64 <none> 5.3.0-28.30~18.04.1
2020-02-05 13:48:09 status half-installed linux-headers-5.3.0-28-generic:amd64 5.3.0-28.30~18.04.1
2020-02-05 13:48:27 status unpacked linux-headers-5.3.0-28-generic:amd64 5.3.0-28.30~18.04.1
2020-02-05 13:48:27 status unpacked linux-headers-5.3.0-28-generic:amd64 5.3.0-28.30~18.04.1
2020-02-05 13:48:27 upgrade linux-headers-generic-hwe-18.04:amd64 5.3.0.26.95 5.3.0.28.96
2020-02-05 13:48:27 status half-configured linux-headers-generic-hwe-18.04:amd64 5.3.0.26.95
2020-02-05 13:48:27 status unpacked linux-headers-generic-hwe-18.04:amd64 5.3.0.26.95
2020-02-05 13:48:27 status half-installed linux-headers-generic-hwe-18.04:amd64 5.3.0.26.95
2020-02-05 13:48:27 status half-installed linux-headers-generic-hwe-18.04:amd64 5.3.0.26.95
2020-02-05 13:48:28 status unpacked linux-headers-generic-hwe-18.04:amd64 5.3.0.28.96
2020-02-05 13:48:28 status unpacked linux-headers-generic-hwe-18.04:amd64 5.3.0.28.96
2020-02-05 13:48:28 upgrade linux-libc-dev:amd64 4.15.0-74.84 4.15.0-76.86
2020-02-05 13:48:28 status half-configured linux-libc-dev:amd64 4.15.0-74.84
2020-02-05 13:48:29 status unpacked linux-libc-dev:amd64 4.15.0-74.84
2020-02-05 13:48:29 status half-installed linux-libc-dev:amd64 4.15.0-74.84
2020-02-05 13:48:32 status half-installed linux-libc-dev:amd64 4.15.0-74.84
2020-02-05 13:48:32 status unpacked linux-libc-dev:amd64 4.15.0-76.86
2020-02-05 13:48:32 status unpacked linux-libc-dev:amd64 4.15.0-76.86
2020-02-05 13:48:33 startup packages configure
2020-02-05 13:48:33 configure linux-modules-5.3.0-28-generic:amd64 5.3.0-28.30~18.04.1 <none>
2020-02-05 13:48:33 status unpacked linux-modules-5.3.0-28-generic:amd64 5.3.0-28.30~18.04.1
2020-02-05 13:48:33 status half-configured linux-modules-5.3.0-28-generic:amd64 5.3.0-28.30~18.04.1
2020-02-05 13:48:34 status installed linux-modules-5.3.0-28-generic:amd64 5.3.0-28.30~18.04.1
2020-02-05 13:48:35 configure linux-headers-5.3.0-28:all 5.3.0-28.30~18.04.1 <none>
2020-02-05 13:48:35 status unpacked linux-headers-5.3.0-28:all 5.3.0-28.30~18.04.1
2020-02-05 13:48:35 status half-configured linux-headers-5.3.0-28:all 5.3.0-28.30~18.04.1
2020-02-05 13:48:35 status installed linux-headers-5.3.0-28:all 5.3.0-28.30~18.04.1
2020-02-05 13:48:35 configure sudo:amd64 1.8.21p2-3ubuntu1.2 <none>
2020-02-05 13:48:35 status unpacked sudo:amd64 1.8.21p2-3ubuntu1.2
2020-02-05 13:48:35 status unpacked sudo:amd64 1.8.21p2-3ubuntu1.2
2020-02-05 13:48:36 status unpacked sudo:amd64 1.8.21p2-3ubuntu1.2
2020-02-05 13:48:36 status unpacked sudo:amd64 1.8.21p2-3ubuntu1.2
2020-02-05 13:48:36 status half-configured sudo:amd64 1.8.21p2-3ubuntu1.2
2020-02-05 13:48:36 status installed sudo:amd64 1.8.21p2-3ubuntu1.2
2020-02-05 13:48:36 configure libsasl2-modules-db:amd64 2.1.27~101-g0780600+dfsg-3ubuntu2.1 <none>
2020-02-05 13:48:36 status unpacked libsasl2-modules-db:amd64 2.1.27~101-g0780600+dfsg-3ubuntu2.1
2020-02-05 13:48:36 status half-configured libsasl2-modules-db:amd64 2.1.27~101-g0780600+dfsg-3ubuntu2.1
2020-02-05 13:48:36 status installed libsasl2-modules-db:amd64 2.1.27~101-g0780600+dfsg-3ubuntu2.1
2020-02-05 13:48:37 configure linux-libc-dev:amd64 4.15.0-76.86 <none>
2020-02-05 13:48:37 status unpacked linux-libc-dev:amd64 4.15.0-76.86
2020-02-05 13:48:37 status half-configured linux-libc-dev:amd64 4.15.0-76.86
2020-02-05 13:48:37 status installed linux-libc-dev:amd64 4.15.0-76.86
2020-02-05 13:48:37 configure libsasl2-2:amd64 2.1.27~101-g0780600+dfsg-3ubuntu2.1 <none>
2020-02-05 13:48:37 status unpacked libsasl2-2:amd64 2.1.27~101-g0780600+dfsg-3ubuntu2.1
2020-02-05 13:48:38 status half-configured libsasl2-2:amd64 2.1.27~101-g0780600+dfsg-3ubuntu2.1
2020-02-05 13:48:38 status installed libsasl2-2:amd64 2.1.27~101-g0780600+dfsg-3ubuntu2.1
2020-02-05 13:48:38 configure tcpdump:amd64 4.9.3-0ubuntu0.18.04.1 <none>
2020-02-05 13:48:38 status unpacked tcpdump:amd64 4.9.3-0ubuntu0.18.04.1
2020-02-05 13:48:38 status unpacked tcpdump:amd64 4.9.3-0ubuntu0.18.04.1
2020-02-05 13:48:39 status half-configured tcpdump:amd64 4.9.3-0ubuntu0.18.04.1
2020-02-05 13:48:41 status installed tcpdump:amd64 4.9.3-0ubuntu0.18.04.1
2020-02-05 13:48:41 configure linux-image-5.3.0-28-generic:amd64 5.3.0-28.30~18.04.1 <none>
2020-02-05 13:48:41 status unpacked linux-image-5.3.0-28-generic:amd64 5.3.0-28.30~18.04.1
2020-02-05 13:48:41 status half-configured linux-image-5.3.0-28-generic:amd64 5.3.0-28.30~18.04.1
2020-02-05 13:48:44 status installed linux-image-5.3.0-28-generic:amd64 5.3.0-28.30~18.04.1
2020-02-05 13:48:44 status triggers-pending linux-image-5.3.0-28-generic:amd64 5.3.0-28.30~18.04.1
2020-02-05 13:48:45 configure linux-headers-5.3.0-28-generic:amd64 5.3.0-28.30~18.04.1 <none>
2020-02-05 13:48:45 status unpacked linux-headers-5.3.0-28-generic:amd64 5.3.0-28.30~18.04.1
2020-02-05 13:48:46 status half-configured linux-headers-5.3.0-28-generic:amd64 5.3.0-28.30~18.04.1
2020-02-05 13:48:47 status installed linux-headers-5.3.0-28-generic:amd64 5.3.0-28.30~18.04.1
2020-02-05 13:48:48 configure libjavascriptcoregtk-4.0-18:amd64 2.26.3-0ubuntu0.18.04.1 <none>
2020-02-05 13:48:48 status unpacked libjavascriptcoregtk-4.0-18:amd64 2.26.3-0ubuntu0.18.04.1
2020-02-05 13:48:49 status half-configured libjavascriptcoregtk-4.0-18:amd64 2.26.3-0ubuntu0.18.04.1
2020-02-05 13:48:50 status installed libjavascriptcoregtk-4.0-18:amd64 2.26.3-0ubuntu0.18.04.1
2020-02-05 13:48:51 configure linux-modules-extra-5.3.0-28-generic:amd64 5.3.0-28.30~18.04.1 <none>
2020-02-05 13:48:51 status unpacked linux-modules-extra-5.3.0-28-generic:amd64 5.3.0-28.30~18.04.1
2020-02-05 13:48:51 status half-configured linux-modules-extra-5.3.0-28-generic:amd64 5.3.0-28.30~18.04.1
2020-02-05 13:48:52 status installed linux-modules-extra-5.3.0-28-generic:amd64 5.3.0-28.30~18.04.1
2020-02-05 13:48:53 configure libsasl2-modules:amd64 2.1.27~101-g0780600+dfsg-3ubuntu2.1 <none>
2020-02-05 13:48:53 status unpacked libsasl2-modules:amd64 2.1.27~101-g0780600+dfsg-3ubuntu2.1
2020-02-05 13:48:55 status unpacked libsasl2-modules:amd64 2.1.27~101-g0780600+dfsg-3ubuntu2.1
2020-02-05 13:48:56 status half-configured libsasl2-modules:amd64 2.1.27~101-g0780600+dfsg-3ubuntu2.1
2020-02-05 13:48:56 status installed libsasl2-modules:amd64 2.1.27~101-g0780600+dfsg-3ubuntu2.1
2020-02-05 13:48:57 configure linux-headers-generic-hwe-18.04:amd64 5.3.0.28.96 <none>
2020-02-05 13:48:57 status unpacked linux-headers-generic-hwe-18.04:amd64 5.3.0.28.96
2020-02-05 13:48:57 status half-configured linux-headers-generic-hwe-18.04:amd64 5.3.0.28.96
2020-02-05 13:48:57 status installed linux-headers-generic-hwe-18.04:amd64 5.3.0.28.96
2020-02-05 13:48:57 configure libwebkit2gtk-4.0-37:amd64 2.26.3-0ubuntu0.18.04.1 <none>
2020-02-05 13:48:57 status unpacked libwebkit2gtk-4.0-37:amd64 2.26.3-0ubuntu0.18.04.1
2020-02-05 13:48:57 status half-configured libwebkit2gtk-4.0-37:amd64 2.26.3-0ubuntu0.18.04.1
2020-02-05 13:48:57 status installed libwebkit2gtk-4.0-37:amd64 2.26.3-0ubuntu0.18.04.1
2020-02-05 13:48:57 configure gir1.2-javascriptcoregtk-4.0:amd64 2.26.3-0ubuntu0.18.04.1 <none>
2020-02-05 13:48:57 status unpacked gir1.2-javascriptcoregtk-4.0:amd64 2.26.3-0ubuntu0.18.04.1
2020-02-05 13:48:57 status half-configured gir1.2-javascriptcoregtk-4.0:amd64 2.26.3-0ubuntu0.18.04.1
2020-02-05 13:48:57 status installed gir1.2-javascriptcoregtk-4.0:amd64 2.26.3-0ubuntu0.18.04.1
2020-02-05 13:48:57 configure linux-image-generic-hwe-18.04:amd64 5.3.0.28.96 <none>
2020-02-05 13:48:57 status unpacked linux-image-generic-hwe-18.04:amd64 5.3.0.28.96
2020-02-05 13:48:58 status half-configured linux-image-generic-hwe-18.04:amd64 5.3.0.28.96
2020-02-05 13:48:58 status installed linux-image-generic-hwe-18.04:amd64 5.3.0.28.96
2020-02-05 13:48:58 configure gir1.2-webkit2-4.0:amd64 2.26.3-0ubuntu0.18.04.1 <none>
2020-02-05 13:48:58 status unpacked gir1.2-webkit2-4.0:amd64 2.26.3-0ubuntu0.18.04.1
2020-02-05 13:48:58 status half-configured gir1.2-webkit2-4.0:amd64 2.26.3-0ubuntu0.18.04.1
2020-02-05 13:48:58 status installed gir1.2-webkit2-4.0:amd64 2.26.3-0ubuntu0.18.04.1
2020-02-05 13:48:58 configure linux-generic-hwe-18.04:amd64 5.3.0.28.96 <none>
2020-02-05 13:48:58 status unpacked linux-generic-hwe-18.04:amd64 5.3.0.28.96
2020-02-05 13:48:58 status half-configured linux-generic-hwe-18.04:amd64 5.3.0.28.96
2020-02-05 13:48:59 status installed linux-generic-hwe-18.04:amd64 5.3.0.28.96
2020-02-05 13:48:59 trigproc man-db:amd64 2.8.3-2ubuntu0.1 <none>
2020-02-05 13:48:59 status half-configured man-db:amd64 2.8.3-2ubuntu0.1
2020-02-05 13:49:01 status installed man-db:amd64 2.8.3-2ubuntu0.1
2020-02-05 13:49:01 trigproc libc-bin:amd64 2.27-3ubuntu1 <none>
2020-02-05 13:49:01 status half-configured libc-bin:amd64 2.27-3ubuntu1
2020-02-05 13:49:02 status installed libc-bin:amd64 2.27-3ubuntu1
2020-02-05 13:49:02 trigproc linux-image-5.3.0-28-generic:amd64 5.3.0-28.30~18.04.1 <none>
2020-02-05 13:49:02 status half-configured linux-image-5.3.0-28-generic:amd64 5.3.0-28.30~18.04.1
2020-02-05 13:49:39 status installed linux-image-5.3.0-28-generic:amd64 5.3.0-28.30~18.04.1
